 0.000     0.0
 0.000     654.791
 0.000     1001.987
 0.000     1000.632
 0.000     1000.879
 0.000     1000.818
 0.000     1000.802
 0.000     1016.691
 0.000     985.339
 0.000     1000.993
 0.000     949.582
 0.000     1042.048
 0.000     1011.755
 0.000     1001.259
 0.000     1000.991
 0.000     1001.066
 0.000     943.946
 0.000     1057.832
 0.000     1000.912
 0.000     1000.69
 0.000     1001.133
 0.000     969.974
 0.000     1031.933
 0.000     990.913
 0.000     964.71
 0.000     1047.465
 0.000     1001.227
 0.000     1000.459
 0.000     1003.263
 0.000     998.956
 0.000     981.023
 0.000     1023.935
 0.000     997.608
 0.000     1001.417
 0.000     990.486
 0.000     1011.303
 0.000     1001.347
 0.000     1000.944
 0.000     990.792
 0.000     1012.858
 0.000     1000.811
 0.000     1000.799
 0.000     1000.84
 0.000     1001.134
 0.000     1000.841
 0.000     990.755
 0.000     1011.322
 0.000     1000.854
 0.000     985.668
 0.000     1001.298
 0.000     1016.529
 0.000     1000.746
 0.000     1000.979
 0.000     1000.848
 0.000     1001.792
 0.000     958.916
 0.000     980.275
 0.000     1063.051
 0.000     1000.718
 0.000     949.606
 0.000     1047.463
 0.000     1006.343
 0.000     1000.796
 0.000     1001.025
 0.000     1000.984
 0.000     980.291
 0.000     1021.721
 0.000     1000.8
 0.000     1000.959
 0.000     980.205
 0.000     995.842
 0.000     1026.74
 0.000     1001.478
 0.000     1000.638
 0.000     1001.013
 0.000     1000.877
 0.000     1001.049
 0.000     1000.749
 0.000     1000.897
 0.000     1001.143
 0.000     995.772
 0.000     1006.031
 0.000     949.317
 0.000     1028.574
 0.133     1028.826
 0.186     993.104
 0.186     956.279
 0.184     978.523
 0.187     1000.86
 0.248     1000.854
 0.248     1000.996
 0.247     1001.232
 0.241     1015.124
 0.306     990.501
 0.300     1022.5360000000001
 0.302     1031.262
 0.302     1017.499
 0.303     996.679
 0.372     1004.538
 0.370     928.829
 0.376     1001.026
 0.309     1000.93
 0.309     1001.076
 0.307     1000.854
 0.304     1000.892
 0.279     1001.143
 0.124     1000.953
 0.126     1000.148
 0.123     1000.99
 0.130     1000.892
 0.126     1002.038
 0.061     1000.151
 0.062     1000.857
 0.059     1001.068
 0.063     1000.945
 0.114     1001.001
 0.000     1000.978
 0.000     1000.92
 0.000     1000.923
 0.000     1000.192
 0.000     1001.839
 0.000     1001.093
 0.000     1000.921
 0.000     1000.183
 0.000     1000.978
 0.000     1001.026
 0.000     1000.948
